Determining if the pthread_create exist failed with the following output:
Change Dir: /home/lab606/auto_exe/Ceres/build/CMakeFiles/CMakeTmp

Run Build Command:"/usr/bin/make" "cmTC_c4c9f/fast"
/usr/bin/make -f CMakeFiles/cmTC_c4c9f.dir/build.make CMakeFiles/cmTC_c4c9f.dir/build
make[1]: Entering directory '/home/lab606/auto_exe/Ceres/build/CMakeFiles/CMakeTmp'
Building C object CMakeFiles/cmTC_c4c9f.dir/CheckSymbolExists.c.o
/usr/lib/ccache/cc     -o CMakeFiles/cmTC_c4c9f.dir/CheckSymbolExists.c.o   -c /home/lab606/auto_exe/Ceres/build/CMakeFiles/CMakeTmp/CheckSymbolExists.c
Linking C executable cmTC_c4c9f
/usr/bin/cmake -E cmake_link_script CMakeFiles/cmTC_c4c9f.dir/link.txt --verbose=1
/usr/lib/ccache/cc       CMakeFiles/cmTC_c4c9f.dir/CheckSymbolExists.c.o  -o cmTC_c4c9f -rdynamic 
CMakeFiles/cmTC_c4c9f.dir/CheckSymbolExists.c.o：在函数‘main’中：
CheckSymbolExists.c:(.text+0x16)：对‘pthread_create’未定义的引用
collect2: error: ld returned 1 exit status
CMakeFiles/cmTC_c4c9f.dir/build.make:97: recipe for target 'cmTC_c4c9f' failed
make[1]: *** [cmTC_c4c9f] Error 1
make[1]: Leaving directory '/home/lab606/auto_exe/Ceres/build/CMakeFiles/CMakeTmp'
Makefile:126: recipe for target 'cmTC_c4c9f/fast' failed
make: *** [cmTC_c4c9f/fast] Error 2

File /home/lab606/auto_exe/Ceres/build/CMakeFiles/CMakeTmp/CheckSymbolExists.c:
/* */
#include <pthread.h>

int main(int argc, char** argv)
{
  (void)argv;
#ifndef pthread_create
  return ((int*)(&pthread_create))[argc];
#else
  (void)argc;
  return 0;
#endif
}

Determining if the function pthread_create exists in the pthreads failed with the following output:
Change Dir: /home/lab606/auto_exe/Ceres/build/CMakeFiles/CMakeTmp

Run Build Command:"/usr/bin/make" "cmTC_23b6e/fast"
/usr/bin/make -f CMakeFiles/cmTC_23b6e.dir/build.make CMakeFiles/cmTC_23b6e.dir/build
make[1]: Entering directory '/home/lab606/auto_exe/Ceres/build/CMakeFiles/CMakeTmp'
Building C object CMakeFiles/cmTC_23b6e.dir/CheckFunctionExists.c.o
/usr/lib/ccache/cc    -DCHECK_FUNCTION_EXISTS=pthread_create   -o CMakeFiles/cmTC_23b6e.dir/CheckFunctionExists.c.o   -c /usr/share/cmake-3.5/Modules/CheckFunctionExists.c
Linking C executable cmTC_23b6e
/usr/bin/cmake -E cmake_link_script CMakeFiles/cmTC_23b6e.dir/link.txt --verbose=1
/usr/lib/ccache/cc   -DCHECK_FUNCTION_EXISTS=pthread_create    CMakeFiles/cmTC_23b6e.dir/CheckFunctionExists.c.o  -o cmTC_23b6e -rdynamic -lpthreads 
/usr/bin/ld: 找不到 -lpthreads
collect2: error: ld returned 1 exit status
CMakeFiles/cmTC_23b6e.dir/build.make:97: recipe for target 'cmTC_23b6e' failed
make[1]: *** [cmTC_23b6e] Error 1
make[1]: Leaving directory '/home/lab606/auto_exe/Ceres/build/CMakeFiles/CMakeTmp'
Makefile:126: recipe for target 'cmTC_23b6e/fast' failed
make: *** [cmTC_23b6e/fast] Error 2


